# JRE version: Java(TM) SE Runtime Environment (17.0.12+8) (build 17.0.12+8-LTS-286)
# Java VM: Java HotSpot(TM) 64-Bit Server VM (17.0.12+8-LTS-286, mixed mode, sharing, tiered, compressed oops, compressed class ptrs, g1 gc, windows-amd64)
GC Precious Log:
 CPUs: 8 total, 8 available
 Memory: 7991M
 Large Page Support: Disabled
 NUMA Support: Disabled
 Compressed Oops: Enabled (32-bit)
 Heap Region Size: 1M
 Heap Min Capacity: 8M
 Heap Initial Capacity: 126M
 Heap Max Capacity: 1998M
 Pre-touch: Disabled
 Parallel Workers: 8
 Concurrent Workers: 2
 Concurrent Refinement Workers: 8
 Periodic GC: Disabled
Heap:
 garbage-first heap   total 100352K, used 49727K [0x0000000083200000, 0x0000000100000000)
  region size 1024K, 1 young (1024K), 1 survivors (1024K)
 Metaspace       used 46841K, committed 47168K, reserved 1114112K
  class space    used 5545K, committed 5696K, reserved 1048576K
GC Heap History (20 events):
Event: 13.018 GC heap after
{Heap after GC invocations=11 (full 0):
 garbage-first heap   total 65536K, used 34132K [0x0000000083200000, 0x0000000100000000)
  region size 1024K, 2 young (2048K), 2 survivors (2048K)
 Metaspace       used 40575K, committed 40896K, reserved 1114112K
  class space    used 5018K, committed 5184K, reserved 1048576K
}
Event: 14.296 GC heap before
{Heap before GC invocations=12 (full 0):
 garbage-first heap   total 65536K, used 49492K [0x0000000083200000, 0x0000000100000000)
  region size 1024K, 18 young (18432K), 2 survivors (2048K)
 Metaspace       used 41264K, committed 41536K, reserved 1114112K
  class space    used 5064K, committed 5184K, reserved 1048576K
}
Event: 14.304 GC heap after
{Heap after GC invocations=13 (full 0):
 garbage-first heap   total 65536K, used 36143K [0x0000000083200000, 0x0000000100000000)
  region size 1024K, 3 young (3072K), 3 survivors (3072K)
 Metaspace       used 41264K, committed 41536K, reserved 1114112K
  class space    used 5064K, committed 5184K, reserved 1048576K
}
Event: 16.378 GC heap before
{Heap before GC invocations=13 (full 0):
 garbage-first heap   total 65536K, used 51503K [0x0000000083200000, 0x0000000100000000)
  region size 1024K, 18 young (18432K), 3 survivors (3072K)
 Metaspace       used 44014K, committed 44288K, reserved 1114112K
  class space    used 5352K, committed 5504K, reserved 1048576K
}
Event: 16.391 GC heap after
{Heap after GC invocations=14 (full 0):
 garbage-first heap   total 65536K, used 38843K [0x0000000083200000, 0x0000000100000000)
  region size 1024K, 3 young (3072K), 3 survivors (3072K)
 Metaspace       used 44014K, committed 44288K, reserved 1114112K
  class space    used 5352K, committed 5504K, reserved 1048576K
}
Event: 18.118 GC heap before
{Heap before GC invocations=15 (full 0):
 garbage-first heap   total 68608K, used 50107K [0x0000000083200000, 0x0000000100000000)
  region size 1024K, 15 young (15360K), 3 survivors (3072K)
 Metaspace       used 45219K, committed 45440K, reserved 1114112K
  class space    used 5397K, committed 5504K, reserved 1048576K
}
Event: 18.132 GC heap after
{Heap after GC invocations=16 (full 0):
 garbage-first heap   total 68608K, used 41439K [0x0000000083200000, 0x0000000100000000)
  region size 1024K, 2 young (2048K), 2 survivors (2048K)
 Metaspace       used 45219K, committed 45440K, reserved 1114112K
  class space    used 5397K, committed 5504K, reserved 1048576K
}
Event: 18.215 GC heap before
{Heap before GC invocations=16 (full 0):
 garbage-first heap   total 68608K, used 42463K [0x0000000083200000, 0x0000000100000000)
  region size 1024K, 3 young (3072K), 2 survivors (2048K)
 Metaspace       used 45280K, committed 45568K, reserved 1114112K
  class space    used 5401K, committed 5568K, reserved 1048576K
}
Event: 18.224 GC heap after
{Heap after GC invocations=17 (full 0):
 garbage-first heap   total 68608K, used 41149K [0x0000000083200000, 0x0000000100000000)
  region size 1024K, 1 young (1024K), 1 survivors (1024K)
 Metaspace       used 45280K, committed 45568K, reserved 1114112K
  class space    used 5401K, committed 5568K, reserved 1048576K
}
Event: 18.778 GC heap before
{Heap before GC invocations=17 (full 0):
 garbage-first heap   total 68608K, used 52413K [0x0000000083200000, 0x0000000100000000)
  region size 1024K, 13 young (13312K), 1 survivors (1024K)
 Metaspace       used 45833K, committed 46080K, reserved 1114112K
  class space    used 5433K, committed 5568K, reserved 1048576K
}
Event: 18.786 GC heap after
{Heap after GC invocations=18 (full 0):
 garbage-first heap   total 68608K, used 43461K [0x0000000083200000, 0x0000000100000000)
  region size 1024K, 2 young (2048K), 2 survivors (2048K)
 Metaspace       used 45833K, committed 46080K, reserved 1114112K
  class space    used 5433K, committed 5568K, reserved 1048576K
}
Event: 19.233 GC heap before
{Heap before GC invocations=19 (full 0):
 garbage-first heap   total 75776K, used 53701K [0x0000000083200000, 0x0000000100000000)
  region size 1024K, 12 young (12288K), 2 survivors (2048K)
 Metaspace       used 45889K, committed 46144K, reserved 1114112K
  class space    used 5433K, committed 5568K, reserved 1048576K
}
Event: 19.244 GC heap after
{Heap after GC invocations=20 (full 0):
 garbage-first heap   total 75776K, used 45593K [0x0000000083200000, 0x0000000100000000)
  region size 1024K, 2 young (2048K), 2 survivors (2048K)
 Metaspace       used 45889K, committed 46144K, reserved 1114112K
  class space    used 5433K, committed 5568K, reserved 1048576K
}
Event: 19.263 GC heap before
{Heap before GC invocations=20 (full 0):
 garbage-first heap   total 75776K, used 46617K [0x0000000083200000, 0x0000000100000000)
  region size 1024K, 3 young (3072K), 2 survivors (2048K)
 Metaspace       used 45891K, committed 46144K, reserved 1114112K
  class space    used 5433K, committed 5568K, reserved 1048576K
}
Event: 19.268 GC heap after
{Heap after GC invocations=21 (full 0):
 garbage-first heap   total 75776K, used 45052K [0x0000000083200000, 0x0000000100000000)
  region size 1024K, 1 young (1024K), 1 survivors (1024K)
 Metaspace       used 45891K, committed 46144K, reserved 1114112K
  class space    used 5433K, committed 5568K, reserved 1048576K
}
Event: 19.670 GC heap before
{Heap before GC invocations=21 (full 0):
 garbage-first heap   total 75776K, used 59388K [0x0000000083200000, 0x0000000100000000)
  region size 1024K, 15 young (15360K), 1 survivors (1024K)
 Metaspace       used 45988K, committed 46208K, reserved 1114112K
  class space    used 5438K, committed 5568K, reserved 1048576K
}
Event: 19.679 GC heap after
{Heap after GC invocations=22 (full 0):
 garbage-first heap   total 75776K, used 47702K [0x0000000083200000, 0x0000000100000000)
  region size 1024K, 2 young (2048K), 2 survivors (2048K)
 Metaspace       used 45988K, committed 46208K, reserved 1114112K
  class space    used 5438K, committed 5568K, reserved 1048576K
}
Event: 20.120 GC heap before
{Heap before GC invocations=23 (full 0):
 garbage-first heap   total 87040K, used 58966K [0x0000000083200000, 0x0000000100000000)
  region size 1024K, 14 young (14336K), 2 survivors (2048K)
 Metaspace       used 46533K, committed 46848K, reserved 1114112K
  class space    used 5508K, committed 5632K, reserved 1048576K
}
Event: 20.131 GC heap after
{Heap after GC invocations=24 (full 0):
 garbage-first heap   total 87040K, used 49943K [0x0000000083200000, 0x0000000100000000)
  region size 1024K, 2 young (2048K), 2 survivors (2048K)
 Metaspace       used 46533K, committed 46848K, reserved 1114112K
  class space    used 5508K, committed 5632K, reserved 1048576K
}
Event: 20.247 GC heap before
{Heap before GC invocations=24 (full 0):
 garbage-first heap   total 87040K, used 51991K [0x0000000083200000, 0x0000000100000000)
  region size 1024K, 4 young (4096K), 2 survivors (2048K)
 Metaspace       used 46841K, committed 47168K, reserved 1114112K
  class space    used 5545K, committed 5696K, reserved 1048576K
}

